<?xml version="1.0" encoding="UTF-8"?>
<!-- Generated by org.testng.reporters.JUnitXMLReporter -->
<testsuite ignored="0" hostname="DESKTOP-GJS5V43" failures="0" tests="1" name="Test" time="0.125" errors="0" timestamp="2024-04-24T09:08:28 IST">
  <testcase classname="com.shopperStackgeneric.BaseTest" name="@BeforeClass bc" time="0.001">
    <failure type="java.lang.NullPointerException" message="Cannot invoke &amp;quot;String.equals(Object)&amp;quot; because &amp;quot;browser&amp;quot; is null">
      <![CDATA[java.lang.NullPointerException: Cannot invoke "String.equals(Object)" because "browser" is null
at com.shopperStackgeneric.BaseTest.bc(BaseTest.java:59)
at java.base/java.util.ArrayList.forEach(ArrayList.java:1511)
... Removed 25 stack frames]]>
    </failure>
  </testcase> <!-- @BeforeClass bc -->
  <testcase classname="com.shopperStackgeneric.BaseTest" name="@BeforeMethod bm" time="0.0">
    <skipped/>
  </testcase> <!-- @BeforeMethod bm -->
  <testcase classname="com.shopperStackgeneric.BaseTest" name="@AfterMethod am" time="0.0">
    <skipped/>
  </testcase> <!-- @AfterMethod am -->
  <testcase classname="com.shopperStackgeneric.BaseTest" name="@AfterClass ac" time="0.0">
    <skipped/>
  </testcase> <!-- @AfterClass ac -->
  <testcase classname="com.shopperstop_TestScript.check_user_can_Add_the_AddressTest" name="addAddress" time="0.001">
    <skipped/>
  </testcase> <!-- addAddress -->
</testsuite> <!-- Test -->
